0:100  0:100  MemLog inited, TSC freq: 1796550750
0:100  0:000  CPU was calibrated with RTC
0:100  0:000  
0:100  0:000  Now is 13.8.2019,  11:26:47 (GMT)
0:100  0:000  Starting Clover revision: 5018 on INSYDE Corp. EFI
0:100  0:000  Build with: [Args: -D NO_GRUB_DRIVERS_EMBEDDED | -D NO_GRUB_DRIVERS_EMBEDDED -D USE_LOW_EBDA -D HAVE_LEGACY_EMURUNTIMEDXE -a X64 -b RELEASE -t XCODE8 -n 5 | OS: 10.13.6 | XCODE: 10.1]
0:100  0:000  SelfDevicePath=PciRoot(0x0)\Pci(0x1C,0x4)\Pci(0x0,0x0)\NVMe(0x1,66-AE-B8-71-BA-38-25-00)\HD(1,GPT,6450E626-875C-4752-ABBE-D44F97C9E120,0x800,0x82000) @3FDFE718
0:100  0:000  SelfDirPath = \EFI\CLOVER
0:100  0:000  === [ Get Smbios ] ========================================
0:100  0:000  Type 16 Index = 0
0:100  0:000  Total Memory Slots Count = 1
0:100  0:000  Type 17 Index = 0
0:100  0:000  SmbiosTable.Type17->Speed = 2400MHz
0:100  0:000  SmbiosTable.Type17->Size = 8192MB
0:100  0:000  SmbiosTable.Type17->Bank/Device = BANK 2 ChannelB-DIMM0
0:100  0:000  SmbiosTable.Type17->Vendor = SK Hynix
0:100  0:000  SmbiosTable.Type17->SerialNumber = 00000000
0:100  0:000  SmbiosTable.Type17->PartNumber = HMA81GS6AFR8N-UH    
0:100  0:000  Boot status=0
0:100  0:000  Running on: '81BV' with board 'LNVNB161216'
0:100  0:000  === [ GetCPUProperties ] ==================================
0:100  0:000  CPU Vendor = 756E6547 Model=806EA
0:100  0:000   The CPU supported SSE4.1
0:100  0:000  BrandString = Intel(R) Core(TM) i5-8250U CPU @ 1.60GHz
0:100  0:000   The CPU supported turbo
0:100  0:000  MSR 0x35               40008
0:100  0:000   TSC/CCC Information Leaf:
0:100  0:000    numerator     : 150
0:100  0:000    denominator   : 2
0:100  0:000   Calibrated ARTFrequency: 23954010
0:100  0:000  MSR 0xE2 before patch 1E008008
0:100  0:000  MSR 0xE2 is locked, PM patches will be turned on
0:100  0:000  MSR 0xCE              0004043D_F1011200
0:100  0:000  corrected FLEX_RATIO = 0
0:100  0:000  FSBFrequency = 84 MHz, DMI FSBFrequency = 100 MHz, Corrected FSBFrequency = 100 MHz
0:100  0:000  MaxDiv/MinDiv: 18.0/4
0:100  0:000  Turbo: 34/34/34/34
0:100  0:000  Features: 0xBFEBFBFF
0:100  0:000  Threads: 8
0:100  0:000  Cores: 4
0:100  0:000  FSB: 100 MHz
0:100  0:000  CPU: 1500 MHz
0:100  0:000  TSC: 1500 MHz
0:100  0:000  PIS: 100 MHz
0:100  0:000  ExternalClock: 25 MHz
0:100  0:000  === [ GetDevices ] ========================================
0:100  0:000  PCI (00|00:00.00) : 8086 5914 class=060000
0:100  0:000  PCI (00|00:02.00) : 8086 5917 class=030000
0:100  0:000   - GFX: Model=Intel UHD Graphics 620 (Intel)
0:100  0:000  PCI (00|00:04.00) : 8086 1903 class=118000
0:100  0:000  PCI (00|00:08.00) : 8086 1911 class=088000
0:100  0:000  PCI (00|00:14.00) : 8086 9D2F class=0C0330
0:100  0:000  PCI (00|00:14.02) : 8086 9D31 class=118000
0:100  0:000  PCI (00|00:15.00) : 8086 9D60 class=118000
0:100  0:000  PCI (00|00:15.01) : 8086 9D61 class=118000
0:100  0:000  PCI (00|00:16.00) : 8086 9D3A class=078000
0:100  0:000  PCI (00|00:1C.00) : 8086 9D13 class=060400
0:101  0:000  PCI (00|01:00.00) : 14E4 43A3 class=028000
0:101  0:000   - WIFI: Vendor=Broadcom
0:101  0:000  PCI (00|00:1C.04) : 8086 9D14 class=060400
0:101  0:000  PCI (00|02:00.00) : 144D A804 class=010802
0:101  0:000  PCI (00|00:1D.00) : 8086 9D18 class=060400
0:101  0:000  PCI (00|00:1F.00) : 8086 9D4E class=060100
0:101  0:000  PCI (00|00:1F.02) : 8086 9D21 class=058000
0:101  0:000  PCI (00|00:1F.03) : 8086 9D71 class=040380
0:101  0:000  PCI (00|00:1F.04) : 8086 9D23 class=0C0500
0:101  0:000  === [ GetDefaultSettings ] ================================
0:101  0:000  Clover load options size = 0 bytes
0:103  0:001  EFI\CLOVER\config.plist loaded: Success
0:103  0:000  === [ GetListOfThemes ] ===================================
0:103  0:000  - [00]: iclover
0:103  0:000  - [01]: Minimalism
0:104  0:000  - [02]: Simple
0:105  0:000  - [03]: random
0:105  0:000  - [03]: embedded
0:106  0:000  === [ Found config plists ] ===============================
0:106  0:000  - config„o,.plist
0:106  0:000  - config-15.plist
0:106  0:000  - config„o, 2.plist
0:106  0:000  - config„o, 3.plist
0:106  0:000  - config„o, 6.plist
0:106  0:000  - config-fb-patch.plist
0:107  0:000  - config„o, 5.plist
0:107  0:000  - config„o, 4.plist
0:107  0:000  - config.plist
0:107  0:000  - config„o, 7.plist
0:107  0:000  - config-droptables.plist
0:107  0:000  - config„o, 8.plist
0:107  0:000  - config-14.2.plist
0:107  0:000  === [ GetEarlyUserSettings ] ==============================
0:107  0:000  timeout set to 5
0:107  0:000  Custom boot CUSTOM_BOOT_DISABLED (0x0)
0:107  0:000  KextsToPatch: 4 requested
0:107  0:000   - [00]: AppleAHCIPort (External icons patch) :: BinPatch :: data len: 8
0:108  0:000   - [01]: IOAHCIBlockStorage (#02 Enable TRIM for non-Apple SSDs, RehabMan) :: BinPatch :: data len: 11
0:108  0:000   - [02]: com.apple.driver.AppleIntelLpssI2C (Prevent Apple I2C kexts from attaching to I2C controllers, credit CoolStar) :: PlistPatch :: data len: 5
0:108  0:000   - [03]: com.apple.driver.AppleIntelLpssI2CController (Prevent Apple I2C kexts from attaching to I2C controllers, credit CoolStar) :: PlistPatch :: data len: 5
0:108  0:000  KernelToPatch: 2 requested
0:108  0:000   - [00]: MSR 0xE2 _xcpm_idle instant reboot(c) Pike R. Alpha :: data len: 8
0:108  0:000   - [01]: Disable panic kext logging on 10.14 release kernel (credit vit9696) :: MatchOS: 10.14.x :: data len: 6
0:108  0:000  Default theme: Simple
0:108  0:000  Hiding entries with string Preboot
0:108  0:000  Hiding entries with string Recovery
0:108  0:000  === [ LoadDrivers ] =======================================
0:108  0:000  Loading FSInject.efi  status=Success
0:109  0:000  Loading VBoxHfs.efi  status=Success
0:110  0:001   - driver needs connecting
0:110  0:000  Loading DataHubDxe.efi  status=Success
0:111  0:000  Loading ApfsDriverLoader.efi  status=Success
0:112  0:000   - driver needs connecting
0:112  0:000  Loading AudioDxe.efi  status=Success
0:113  0:001   - driver needs connecting
0:113  0:000  Loading VirtualSmc.efi  status=Success
0:215  0:101  Loading AptioInputFix.efi  status=Success
0:317  0:102  Loading AptioMemoryFix.efi  status=Success
0:419  0:102  3 drivers needs connecting ...
0:419  0:000  PlatformDriverOverrideProtocol not found. Installing ... Success
0:419  0:000  APFS driver loaded
0:419  0:000  Searching for invalid DiskIo BY_DRIVER connects: not found, all ok
4:554  4:135  === [ InitScreen ] ========================================
4:554  0:000  Console modes reported: 6, available modes:
4:554  0:000   - [01]: 80x25
4:554  0:000   - [02]: 80x50
4:554  0:000   - [03]: 80x25
4:554  0:000   - [04]: 240x56 (current mode)
4:554  0:000   - [05]: 100x31
4:554  0:000   - [06]: 128x40
4:554  0:000  SetScreenResolution: 1920x1080 - already set
4:554  0:000  SetScreenResolution: 1920x1080 - already set
4:554  0:000  reinit: self device path=PciRoot(0x0)\Pci(0x1C,0x4)\Pci(0x0,0x0)\NVMe(0x1,66-AE-B8-71-BA-38-25-00)\HD(1,GPT,6450E626-875C-4752-ABBE-D44F97C9E120,0x800,0x82000)
4:555  0:000  === [ GetMacAddress ] =====================================
4:555  0:000  === [ ScanSPD ] ===========================================
4:555  0:000  Scanning SMBus [8086:9D23], mmio: 0x83635004, ioport: 0x3040, hostc: 0x11
4:556  0:001  === [ GetAcpiTablesList ] =================================
4:556  0:000  Get Acpi Tables List from RSDT:
4:556  0:000   - [00]: FACP  CB-01    len=268
4:556  0:000   - [01]: UEFI  CB-01    len=566
4:556  0:000   - [02]: UEFI  CB-01    len=66
4:556  0:000   - [03]: MSDM  CB-01    len=85
4:556  0:000   - [04]: SSDT  CB-01    len=12432
4:556  0:000   - [05]: SSDT  CB-01    len=14373
4:556  0:000   - [06]: ASF!  CB-01    len=165
4:556  0:000   - [07]: ASPT  CB-01    len=52
4:556  0:000   - [08]: BOOT  CB-01    len=40
4:556  0:000   - [09]: DBGP  CB-01    len=52
4:556  0:000   - [10]: HPET  CB-01    len=56
4:556  0:000   - [11]: APIC  CB-01    len=300
4:556  0:000   - [12]: MCFG  CB-01    len=60
4:556  0:000   - [13]: SLIC  CB-01    len=374
4:556  0:000   - [14]: LPIT  CB-01    len=148
4:556  0:000   - [15]: WSMT  CB-01    len=40
4:556  0:000   - [16]: SSDT  CB-01    len=671
4:556  0:000   - [17]: SSDT  CB-01    len=838
4:556  0:000   - [18]: SSDT  CB-01    len=12290
4:556  0:000   - [19]: SSDT  CB-01    len=1310
4:556  0:000   - [20]: DBGP  CB-01    len=52
4:556  0:000   - [21]: DBG2  CB-01    len=84
4:556  0:000   - [22]: SSDT  CB-01    len=2851
4:556  0:000   - [23]: SSDT  CB-01    len=6062
4:556  0:000   - [24]: DMAR  CB-01    len=240
4:556  0:000   - [25]: NHLT  CB-01    len=45
4:556  0:000   - [26]: FPDT  CB-01    len=68
4:556  0:000   - [27]: BGRT  CB-01    len=56
4:556  0:000  Calibrated TSC Frequency = 1796550750 = 1796MHz
4:556  0:000  === [ GetUserSettings ] ===================================
4:556  0:000  Add 3 devices:
4:557  0:000  USB FixOwnership: yes
4:557  0:000  Dropping 2 tables:
4:557  0:000   - [00]: Drop table  signature="DMAR" (52414D44)
4:557  0:000           - set table: 52414D44,                0 to drop: yes
4:557  0:000   - [01]: Drop table  signature="MCFG" (4746434D)
4:557  0:000           - set table: 4746434D,                0 to drop: yes
4:557  0:000   - final DSDT Fix mask=00000004
4:557  0:000  PatchesDSDT: 13 requested
4:557  0:000   - [00]: (change EHC1 to EH01) lenToFind: 4, lenToReplace: 4, Target Bridge: <null string>
4:557  0:000   - [01]: (change EHC2 to EH02) lenToFind: 4, lenToReplace: 4, Target Bridge: <null string>
4:557  0:000   - [02]: (change H_EC to EC__) lenToFind: 4, lenToReplace: 4, Target Bridge: <null string>
4:557  0:000   - [03]: (change GFX0 to IGPU) lenToFind: 4, lenToReplace: 4, Target Bridge: <null string>
4:557  0:000   - [04]: (change HDAS to HDEF) lenToFind: 4, lenToReplace: 4, Target Bridge: <null string>
4:557  0:000   - [05]: (change HECI to IMEI) lenToFind: 4, lenToReplace: 4, Target Bridge: <null string>
4:557  0:000   - [06]: (change EC0 to EC) lenToFind: 4, lenToReplace: 4, Target Bridge: <null string>
4:557  0:000   - [07]: (change SAT0 to SATA) lenToFind: 4, lenToReplace: 4, Target Bridge: <null string>
4:557  0:000   - [08]: (change _OSI to XOSI, pair with SSDT-XOSI.aml) lenToFind: 4, lenToReplace: 4, Target Bridge: <null string>
4:557  0:000   - [09]: (change _DSM to XDSM) lenToFind: 4, lenToReplace: 4, Target Bridge: <null string>
4:557  0:000   - [10]: (Rename _RMV to XRMV in RP09.PXSX and use with SSDT-TYPC.aml for USB-C hot plug support) lenToFind: 4, lenToReplace: 4, Target Bridge: RP09
4:557  0:000    patch disabled at config
4:557  0:000   - [11]: (Rename _RMV to XRMV in RP09.PXSX and use with SSDT-TYPC.aml for USB-C hot plug support) lenToFind: 4, lenToReplace: 4, Target Bridge: <null string>
4:557  0:000   - [12]: (Rename XTBT to YTBT and use with SSDT-YTBT.aml for USB-C hot plug) lenToFind: 14, lenToReplace: 14, Target Bridge: <null string>
4:557  0:000  Using ProductName from config: MacBookPro15,2
4:557  0:000  Found same BiosVersion in clover and config
4:557  0:000  BiosVersion: MBP152.88Z.F000.B00.1904222000
4:557  0:000  BiosReleaseDate: 04/22/2019
4:557  0:000  Using EfiVersion from clover: 220.260.170.0.0
4:557  0:000  Using FirmwareFeatures from config: 0xFC0FE137
4:557  0:000  Using FirmwareFeaturesMask from config: 0xFF1FFF3F
4:557  0:000  Board-ID set from config as Mac-827FB448E656EC26
4:557  0:000  BoardType: 0xA
4:557  0:000  ChassisType: 0x9
4:557  0:000  Converted CustomUUID 911B39B9-6505-4B0C-AD1E-1FEA9865DDDB
4:557  0:000  === [ Found DSDT tables ] =================================
4:558  0:000  - DSDT.aml
4:774  0:216  === [ ScanVolumes ] =======================================
4:774  0:000  Found 10 volumes with blockIO
4:774  0:000  - [00]: Volume: PciRoot(0x0)\Pci(0x1C,0x4)\Pci(0x0,0x0)\NVMe(0x1,66-AE-B8-71-BA-38-25-00)
4:774  0:000          Result of bootcode detection: bootable unknown (legacy)
4:774  0:000  - [01]: Volume: PciRoot(0x0)\Pci(0x1C,0x4)\Pci(0x0,0x0)\NVMe(0x1,66-AE-B8-71-BA-38-25-00)\HD(1,GPT,6450E626-875C-4752-ABBE-D44F97C9E120,0x800,0x82000)
4:774  0:000          Result of bootcode detection: bootable unknown (legacy)
4:774  0:000          This is SelfVolume !!
4:774  0:000  - [02]: Volume: PciRoot(0x0)\Pci(0x1C,0x4)\Pci(0x0,0x0)\NVMe(0x1,66-AE-B8-71-BA-38-25-00)\HD(2,GPT,927BC22B-C0DF-4417-B61B-54D95839E826,0x82800,0x8000)
4:775  0:000  - [03]: Volume: PciRoot(0x0)\Pci(0x1C,0x4)\Pci(0x0,0x0)\NVMe(0x1,66-AE-B8-71-BA-38-25-00)\HD(3,GPT,2F2EFC97-5BB5-4D20-B015-A556E633AD14,0x8A800,0xC6E8167)
4:775  0:000          Result of bootcode detection: bootable Windows (vista,win)
4:775  0:000  - [04]: Volume: PciRoot(0x0)\Pci(0x1C,0x4)\Pci(0x0,0x0)\NVMe(0x1,66-AE-B8-71-BA-38-25-00)\HD(4,GPT,69B385EF-6983-4CDC-9DC6-3AD23E3D6A16,0xC773000,0x117000)
4:775  0:000          Result of bootcode detection: bootable Windows (vista,win)
4:775  0:000  - [05]: Volume: PciRoot(0x0)\Pci(0x1C,0x4)\Pci(0x0,0x0)\NVMe(0x1,66-AE-B8-71-BA-38-25-00)\HD(5,GPT,CFDC8FB9-5443-4681-9BAA-EF71BAC4030E,0xC88A800,0x11468A88)
4:775  0:000          Result of bootcode detection: bootable unknown (legacy)
4:775  0:000  - [06]: Volume: PciRoot(0x0)\Pci(0x1C,0x4)\Pci(0x0,0x0)\NVMe(0x1,66-AE-B8-71-BA-38-25-00)\HD(5,GPT,CFDC8FB9-5443-4681-9BAA-EF71BAC4030E,0xC88A800,0x11468A88)\VenMedia(BE74FCF7-0B7C-49F3-9147-01F4042E6842,A609C8D22C799845949235B1A08E7C7B)
4:775  0:000          hiding this volume
4:775  0:000  - [07]: Volume: PciRoot(0x0)\Pci(0x1C,0x4)\Pci(0x0,0x0)\NVMe(0x1,66-AE-B8-71-BA-38-25-00)\HD(5,GPT,CFDC8FB9-5443-4681-9BAA-EF71BAC4030E,0xC88A800,0x11468A88)\VenMedia(BE74FCF7-0B7C-49F3-9147-01F4042E6842,1B42EED7FF104744AD260789A0244D49)
4:776  0:000  - [08]: Volume: PciRoot(0x0)\Pci(0x1C,0x4)\Pci(0x0,0x0)\NVMe(0x1,66-AE-B8-71-BA-38-25-00)\HD(5,GPT,CFDC8FB9-5443-4681-9BAA-EF71BAC4030E,0xC88A800,0x11468A88)\VenMedia(BE74FCF7-0B7C-49F3-9147-01F4042E6842,9AB3775E1B2BFA4DBBBEF95A51C867E9)
4:776  0:000          hiding this volume
4:776  0:000  - [09]: Volume: PciRoot(0x0)\Pci(0x1C,0x4)\Pci(0x0,0x0)\NVMe(0x1,66-AE-B8-71-BA-38-25-00)\HD(5,GPT,CFDC8FB9-5443-4681-9BAA-EF71BAC4030E,0xC88A800,0x11468A88)\VenMedia(BE74FCF7-0B7C-49F3-9147-01F4042E6842,982967487D937845B65622D1539A0808)
4:776  0:000  found 2 handles with audio
4:776  0:000  No AudioIoDevice stored
4:776  0:000  no stored audio parameters
4:776  0:000  === [ InitTheme ] =========================================
4:776  0:000  use daylight theme
4:779  0:002  Using theme 'Simple' (EFI\CLOVER\themes\Simple)
4:779  0:000  OS main and drive as badge
4:780  0:001    Channels: 2  Sample rate: 44100 Hz  Bits: 16
4:780  0:000  output to channel 0 with volume 70, len=414164
4:780  0:000   sound channels=2 bits=16 freq=44100
4:780  0:000  not found AudioIo to play
4:780  0:000  free sound
4:780  0:000  sound play end with status=Not Found
4:782  0:002  Loading font from ThemeDir: Success
4:783  0:000  theme inited
4:783  0:000  Chosen theme Simple
4:783  0:000  after NVRAM boot-args=keepsyms=1 dart=0 darkwake=0 brcmfx-driver=2 brcmfx-country=#a slide=0
4:783  0:000  === [ Dump SMC keys from NVRAM ] ==========================
4:783  0:000  found AppleSMC protocol
4:799  0:015  === [ AddCustomEntries ] ==================================
4:799  0:000  Custom entry 0 Title:"Recovery" Path:"\com.apple.recovery.boot\boot.efi" Type:10 Flags:0x2 matching all volumes
4:799  0:000      Checking volume "SYSTEM_DRV" (PciRoot(0x0)\Pci(0x1C,0x4)\Pci(0x0,0x0)\NVMe(0x1,66-AE-B8-71-BA-38-25-00)\HD(1,GPT,6450E626-875C-4752-ABBE-D44F97C9E120,0x800,0x82000)) ... skipped because path does not exist
4:799  0:000      Checking volume "Preboot" (PciRoot(0x0)\Pci(0x1C,0x4)\Pci(0x0,0x0)\NVMe(0x1,66-AE-B8-71-BA-38-25-00)\HD(5,GPT,CFDC8FB9-5443-4681-9BAA-EF71BAC4030E,0xC88A800,0x11468A88)\VenMedia(BE74FCF7-0B7C-49F3-9147-01F4042E6842,A609C8D22C799845949235B1A08E7C7B)) ... skipped because volume is hidden
4:799  0:000      Checking volume "macOS" (PciRoot(0x0)\Pci(0x1C,0x4)\Pci(0x0,0x0)\NVMe(0x1,66-AE-B8-71-BA-38-25-00)\HD(5,GPT,CFDC8FB9-5443-4681-9BAA-EF71BAC4030E,0xC88A800,0x11468A88)\VenMedia(BE74FCF7-0B7C-49F3-9147-01F4042E6842,1B42EED7FF104744AD260789A0244D49)) ... skipped because path does not exist
4:799  0:000      Checking volume "Recovery" (PciRoot(0x0)\Pci(0x1C,0x4)\Pci(0x0,0x0)\NVMe(0x1,66-AE-B8-71-BA-38-25-00)\HD(5,GPT,CFDC8FB9-5443-4681-9BAA-EF71BAC4030E,0xC88A800,0x11468A88)\VenMedia(BE74FCF7-0B7C-49F3-9147-01F4042E6842,9AB3775E1B2BFA4DBBBEF95A51C867E9)) ... skipped because volume is hidden
4:799  0:000      Checking volume "VM" (PciRoot(0x0)\Pci(0x1C,0x4)\Pci(0x0,0x0)\NVMe(0x1,66-AE-B8-71-BA-38-25-00)\HD(5,GPT,CFDC8FB9-5443-4681-9BAA-EF71BAC4030E,0xC88A800,0x11468A88)\VenMedia(BE74FCF7-0B7C-49F3-9147-01F4042E6842,982967487D937845B65622D1539A0808)) ... skipped because path does not exist
4:799  0:000  Custom entry 1 Title:"Windows" Path:"\EFI\Microsoft\Boot\bootmgfw.efi" Options:"-s -h" Type:7 Flags:0x0 matching all volumes
4:799  0:000      Checking volume "SYSTEM_DRV" (PciRoot(0x0)\Pci(0x1C,0x4)\Pci(0x0,0x0)\NVMe(0x1,66-AE-B8-71-BA-38-25-00)\HD(1,GPT,6450E626-875C-4752-ABBE-D44F97C9E120,0x800,0x82000)) ... match!
4:801  0:001  Custom settings: <null string>.plist will  be applied
4:801  0:000      Checking volume "Preboot" (PciRoot(0x0)\Pci(0x1C,0x4)\Pci(0x0,0x0)\NVMe(0x1,66-AE-B8-71-BA-38-25-00)\HD(5,GPT,CFDC8FB9-5443-4681-9BAA-EF71BAC4030E,0xC88A800,0x11468A88)\VenMedia(BE74FCF7-0B7C-49F3-9147-01F4042E6842,A609C8D22C799845949235B1A08E7C7B)) ... skipped because volume is hidden
4:801  0:000      Checking volume "macOS" (PciRoot(0x0)\Pci(0x1C,0x4)\Pci(0x0,0x0)\NVMe(0x1,66-AE-B8-71-BA-38-25-00)\HD(5,GPT,CFDC8FB9-5443-4681-9BAA-EF71BAC4030E,0xC88A800,0x11468A88)\VenMedia(BE74FCF7-0B7C-49F3-9147-01F4042E6842,1B42EED7FF104744AD260789A0244D49)) ... skipped because path does not exist
4:801  0:000      Checking volume "Recovery" (PciRoot(0x0)\Pci(0x1C,0x4)\Pci(0x0,0x0)\NVMe(0x1,66-AE-B8-71-BA-38-25-00)\HD(5,GPT,CFDC8FB9-5443-4681-9BAA-EF71BAC4030E,0xC88A800,0x11468A88)\VenMedia(BE74FCF7-0B7C-49F3-9147-01F4042E6842,9AB3775E1B2BFA4DBBBEF95A51C867E9)) ... skipped because volume is hidden
4:801  0:000      Checking volume "VM" (PciRoot(0x0)\Pci(0x1C,0x4)\Pci(0x0,0x0)\NVMe(0x1,66-AE-B8-71-BA-38-25-00)\HD(5,GPT,CFDC8FB9-5443-4681-9BAA-EF71BAC4030E,0xC88A800,0x11468A88)\VenMedia(BE74FCF7-0B7C-49F3-9147-01F4042E6842,982967487D937845B65622D1539A0808)) ... skipped because path does not exist
4:801  0:000  === [ ScanLoader ] ========================================
4:801  0:000  - [01]: 'SYSTEM_DRV'
4:802  0:000          AddLoaderEntry for Volume Name=SYSTEM_DRV
4:802  0:000       skipped because path `PciRoot(0x0)\Pci(0x1C,0x4)\Pci(0x0,0x0)\NVMe(0x1,66-AE-B8-71-BA-38-25-00)\HD(1,GPT,6450E626-875C-4752-ABBE-D44F97C9E120,0x800,0x82000)\EFI\microsoft\Boot\bootmgfw.efii` already exists for another entry!
4:819  0:017          AddLoaderEntry for Volume Name=SYSTEM_DRV
4:819  0:000          skipped because entry is hidden
4:819  0:000  - [06]: 'Preboot', hidden
4:819  0:000  - [07]: 'macOS'
4:826  0:006          AddLoaderEntry for Volume Name=macOS
4:828  0:002      hibernated: set as never
4:829  0:000          [!] Icon 18 (icons\vol_internal_apfs.icns) not found (path: EFI\CLOVER\themes\Simple)
4:848  0:019  - [08]: 'Recovery', hidden
4:848  0:000  - [09]: 'VM'
4:864  0:016  === [ AddCustomTool ] =====================================
4:865  0:000  found tool \EFI\CLOVER\tools\Shell64U.efi
4:865  0:000  Checking EFI partition Volume 1 for Clover
4:865  0:000   Found Clover
4:867  0:001  === [ GetEfiBootDeviceFromNvram ] =========================
4:867  0:000   - efi-boot-device-data: PciRoot(0x0)\Pci(0x1C,0x4)\Pci(0x0,0x0)\NVMe(0x1,66-AE-B8-71-BA-38-25-00)\HD(5,GPT,CFDC8FB9-5443-4681-9BAA-EF71BAC4030E,0xC88A800,0x11468A88)\VenMedia(BE74FCF7-0B7C-49F3-9147-01F4042E6842,1B42EED7FF104744AD260789A0244D49)
4:867  0:000    - Volume: 'PciRoot(0x0)\Pci(0x1C,0x4)\Pci(0x0,0x0)\NVMe(0x1,66-AE-B8-71-BA-38-25-00)\HD(5,GPT,CFDC8FB9-5443-4681-9BAA-EF71BAC4030E,0xC88A800,0x11468A88)\VenMedia(BE74FCF7-0B7C-49F3-9147-01F4042E6842,1B42EED7FF104744AD260789A0244D49)'
4:867  0:000    - LoaderPath: '<null string>'
4:867  0:000    - Guid = CFDC8FB9-5443-4681-9BAA-EF71BAC4030E
4:867  0:000  === [ FindStartupDiskVolume ] =============================
4:867  0:000    - Volume: partition = PciRoot(0x0)\Pci(0x1C,0x4)\Pci(0x0,0x0)\NVMe(0x1,66-AE-B8-71-BA-38-25-00)\HD(5,GPT,CFDC8FB9-5443-4681-9BAA-EF71BAC4030E,0xC88A800,0x11468A88)\VenMedia(BE74FCF7-0B7C-49F3-9147-01F4042E6842,1B42EED7FF104744AD260789A0244D49)
4:867  0:000     - searching for that partition
4:867  0:000      - found entry 1. 'Boot macOS from macOS', Volume 'macOS'
4:867  0:000  Boot redirected to Entry 1. 'Boot macOS from macOS'
4:867  0:000  DefaultIndex=1 and MainMenu.EntryCount=8
5:530  0:662  GUI ready
5:538  0:007  exit from MainMenu 8
5:538  0:000  ReinitSelfLib after theme change
5:538  0:000  reinit: self device path=PciRoot(0x0)\Pci(0x1C,0x4)\Pci(0x0,0x0)\NVMe(0x1,66-AE-B8-71-BA-38-25-00)\HD(1,GPT,6450E626-875C-4752-ABBE-D44F97C9E120,0x800,0x82000)
5:538  0:000  === [ ScanVolumes ] =======================================
5:538  0:000  Found 10 volumes with blockIO
5:538  0:000  - [00]: Volume: PciRoot(0x0)\Pci(0x1C,0x4)\Pci(0x0,0x0)\NVMe(0x1,66-AE-B8-71-BA-38-25-00)
5:538  0:000          Result of bootcode detection: bootable unknown (legacy)
5:538  0:000  - [01]: Volume: PciRoot(0x0)\Pci(0x1C,0x4)\Pci(0x0,0x0)\NVMe(0x1,66-AE-B8-71-BA-38-25-00)\HD(1,GPT,6450E626-875C-4752-ABBE-D44F97C9E120,0x800,0x82000)
5:538  0:000          Result of bootcode detection: bootable unknown (legacy)
5:539  0:000          This is SelfVolume !!
5:539  0:000  - [02]: Volume: PciRoot(0x0)\Pci(0x1C,0x4)\Pci(0x0,0x0)\NVMe(0x1,66-AE-B8-71-BA-38-25-00)\HD(2,GPT,927BC22B-C0DF-4417-B61B-54D95839E826,0x82800,0x8000)
5:539  0:000  - [03]: Volume: PciRoot(0x0)\Pci(0x1C,0x4)\Pci(0x0,0x0)\NVMe(0x1,66-AE-B8-71-BA-38-25-00)\HD(3,GPT,2F2EFC97-5BB5-4D20-B015-A556E633AD14,0x8A800,0xC6E8167)
5:539  0:000          Result of bootcode detection: bootable Windows (vista,win)
5:539  0:000  - [04]: Volume: PciRoot(0x0)\Pci(0x1C,0x4)\Pci(0x0,0x0)\NVMe(0x1,66-AE-B8-71-BA-38-25-00)\HD(4,GPT,69B385EF-6983-4CDC-9DC6-3AD23E3D6A16,0xC773000,0x117000)
5:539  0:000          Result of bootcode detection: bootable Windows (vista,win)
5:540  0:000  - [05]: Volume: PciRoot(0x0)\Pci(0x1C,0x4)\Pci(0x0,0x0)\NVMe(0x1,66-AE-B8-71-BA-38-25-00)\HD(5,GPT,CFDC8FB9-5443-4681-9BAA-EF71BAC4030E,0xC88A800,0x11468A88)
5:540  0:000          Result of bootcode detection: bootable unknown (legacy)
5:540  0:000  - [06]: Volume: PciRoot(0x0)\Pci(0x1C,0x4)\Pci(0x0,0x0)\NVMe(0x1,66-AE-B8-71-BA-38-25-00)\HD(5,GPT,CFDC8FB9-5443-4681-9BAA-EF71BAC4030E,0xC88A800,0x11468A88)\VenMedia(BE74FCF7-0B7C-49F3-9147-01F4042E6842,A609C8D22C799845949235B1A08E7C7B)
5:540  0:000  - [07]: Volume: PciRoot(0x0)\Pci(0x1C,0x4)\Pci(0x0,0x0)\NVMe(0x1,66-AE-B8-71-BA-38-25-00)\HD(5,GPT,CFDC8FB9-5443-4681-9BAA-EF71BAC4030E,0xC88A800,0x11468A88)\VenMedia(BE74FCF7-0B7C-49F3-9147-01F4042E6842,1B42EED7FF104744AD260789A0244D49)
5:540  0:000  - [08]: Volume: PciRoot(0x0)\Pci(0x1C,0x4)\Pci(0x0,0x0)\NVMe(0x1,66-AE-B8-71-BA-38-25-00)\HD(5,GPT,CFDC8FB9-5443-4681-9BAA-EF71BAC4030E,0xC88A800,0x11468A88)\VenMedia(BE74FCF7-0B7C-49F3-9147-01F4042E6842,9AB3775E1B2BFA4DBBBEF95A51C867E9)
5:540  0:000  - [09]: Volume: PciRoot(0x0)\Pci(0x1C,0x4)\Pci(0x0,0x0)\NVMe(0x1,66-AE-B8-71-BA-38-25-00)\HD(5,GPT,CFDC8FB9-5443-4681-9BAA-EF71BAC4030E,0xC88A800,0x11468A88)\VenMedia(BE74FCF7-0B7C-49F3-9147-01F4042E6842,982967487D937845B65622D1539A0808)
5:541  0:000  found 2 handles with audio
5:541  0:000  No AudioIoDevice stored
5:541  0:000  no stored audio parameters
5:541  0:000  theme inited
5:541  0:000  Chosen theme Simple
5:541  0:000  after NVRAM boot-args=keepsyms=1 dart=0 darkwake=0 brcmfx-driver=2 brcmfx-country=#a slide=0
5:541  0:000  === [ AddCustomEntries ] ==================================
5:541  0:000  Custom entry 0 Title:"Recovery" Path:"\com.apple.recovery.boot\boot.efi" Type:10 Flags:0x2 matching all volumes
5:541  0:000      Checking volume "SYSTEM_DRV" (PciRoot(0x0)\Pci(0x1C,0x4)\Pci(0x0,0x0)\NVMe(0x1,66-AE-B8-71-BA-38-25-00)\HD(1,GPT,6450E626-875C-4752-ABBE-D44F97C9E120,0x800,0x82000)) ... skipped because path does not exist
5:541  0:000      Checking volume "Preboot" (PciRoot(0x0)\Pci(0x1C,0x4)\Pci(0x0,0x0)\NVMe(0x1,66-AE-B8-71-BA-38-25-00)\HD(5,GPT,CFDC8FB9-5443-4681-9BAA-EF71BAC4030E,0xC88A800,0x11468A88)\VenMedia(BE74FCF7-0B7C-49F3-9147-01F4042E6842,A609C8D22C799845949235B1A08E7C7B)) ... skipped because path does not exist
5:541  0:000      Checking volume "macOS" (PciRoot(0x0)\Pci(0x1C,0x4)\Pci(0x0,0x0)\NVMe(0x1,66-AE-B8-71-BA-38-25-00)\HD(5,GPT,CFDC8FB9-5443-4681-9BAA-EF71BAC4030E,0xC88A800,0x11468A88)\VenMedia(BE74FCF7-0B7C-49F3-9147-01F4042E6842,1B42EED7FF104744AD260789A0244D49)) ... skipped because path does not exist
5:541  0:000      Checking volume "Recovery" (PciRoot(0x0)\Pci(0x1C,0x4)\Pci(0x0,0x0)\NVMe(0x1,66-AE-B8-71-BA-38-25-00)\HD(5,GPT,CFDC8FB9-5443-4681-9BAA-EF71BAC4030E,0xC88A800,0x11468A88)\VenMedia(BE74FCF7-0B7C-49F3-9147-01F4042E6842,9AB3775E1B2BFA4DBBBEF95A51C867E9)) ... skipped because path does not exist
5:541  0:000      Checking volume "VM" (PciRoot(0x0)\Pci(0x1C,0x4)\Pci(0x0,0x0)\NVMe(0x1,66-AE-B8-71-BA-38-25-00)\HD(5,GPT,CFDC8FB9-5443-4681-9BAA-EF71BAC4030E,0xC88A800,0x11468A88)\VenMedia(BE74FCF7-0B7C-49F3-9147-01F4042E6842,982967487D937845B65622D1539A0808)) ... skipped because path does not exist
5:541  0:000  Custom entry 1 Title:"Windows" Path:"\EFI\Microsoft\Boot\bootmgfw.efi" Options:"-s -h" Type:7 Flags:0x0 matching all volumes
5:541  0:000      Checking volume "SYSTEM_DRV" (PciRoot(0x0)\Pci(0x1C,0x4)\Pci(0x0,0x0)\NVMe(0x1,66-AE-B8-71-BA-38-25-00)\HD(1,GPT,6450E626-875C-4752-ABBE-D44F97C9E120,0x800,0x82000)) ... match!
5:542  0:000  Custom settings: <null string>.plist will  be applied
5:542  0:000      Checking volume "Preboot" (PciRoot(0x0)\Pci(0x1C,0x4)\Pci(0x0,0x0)\NVMe(0x1,66-AE-B8-71-BA-38-25-00)\HD(5,GPT,CFDC8FB9-5443-4681-9BAA-EF71BAC4030E,0xC88A800,0x11468A88)\VenMedia(BE74FCF7-0B7C-49F3-9147-01F4042E6842,A609C8D22C799845949235B1A08E7C7B)) ... skipped because path does not exist
5:542  0:000      Checking volume "macOS" (PciRoot(0x0)\Pci(0x1C,0x4)\Pci(0x0,0x0)\NVMe(0x1,66-AE-B8-71-BA-38-25-00)\HD(5,GPT,CFDC8FB9-5443-4681-9BAA-EF71BAC4030E,0xC88A800,0x11468A88)\VenMedia(BE74FCF7-0B7C-49F3-9147-01F4042E6842,1B42EED7FF104744AD260789A0244D49)) ... skipped because path does not exist
5:542  0:000      Checking volume "Recovery" (PciRoot(0x0)\Pci(0x1C,0x4)\Pci(0x0,0x0)\NVMe(0x1,66-AE-B8-71-BA-38-25-00)\HD(5,GPT,CFDC8FB9-5443-4681-9BAA-EF71BAC4030E,0xC88A800,0x11468A88)\VenMedia(BE74FCF7-0B7C-49F3-9147-01F4042E6842,9AB3775E1B2BFA4DBBBEF95A51C867E9)) ... skipped because path does not exist
5:542  0:000      Checking volume "VM" (PciRoot(0x0)\Pci(0x1C,0x4)\Pci(0x0,0x0)\NVMe(0x1,66-AE-B8-71-BA-38-25-00)\HD(5,GPT,CFDC8FB9-5443-4681-9BAA-EF71BAC4030E,0xC88A800,0x11468A88)\VenMedia(BE74FCF7-0B7C-49F3-9147-01F4042E6842,982967487D937845B65622D1539A0808)) ... skipped because path does not exist
5:542  0:000  === [ ScanLoader ] ========================================
5:542  0:000  - [01]: 'SYSTEM_DRV'
5:543  0:000          AddLoaderEntry for Volume Name=SYSTEM_DRV
5:543  0:000       skipped because path `PciRoot(0x0)\Pci(0x1C,0x4)\Pci(0x0,0x0)\NVMe(0x1,66-AE-B8-71-BA-38-25-00)\HD(1,GPT,6450E626-875C-4752-ABBE-D44F97C9E120,0x800,0x82000)\EFI\microsoft\Boot\bootmgfw.efii` already exists for another entry!
5:560  0:017          AddLoaderEntry for Volume Name=SYSTEM_DRV
5:561  0:001  - [06]: 'Preboot'
5:562  0:000          AddLoaderEntry for Volume Name=Preboot
5:563  0:001      hibernated: set as never
5:565  0:002          AddLoaderEntry for Volume Name=Preboot
5:583  0:018  - [07]: 'macOS'
5:585  0:001          AddLoaderEntry for Volume Name=macOS
5:585  0:000      hibernated: set as never
5:603  0:017  - [08]: 'Recovery'
5:604  0:000          AddLoaderEntry for Volume Name=Recovery
5:622  0:018  - [09]: 'VM'
5:638  0:015  === [ AddCustomTool ] =====================================
5:638  0:000  found tool \EFI\CLOVER\tools\Shell64U.efi
5:638  0:000  Checking EFI partition Volume 1 for Clover
5:638  0:000   Found Clover
5:638  0:000  === [ GetEfiBootDeviceFromNvram ] =========================
5:638  0:000  === [ FindStartupDiskVolume ] =============================
5:638  0:000    - Volume: partition = PciRoot(0x0)\Pci(0x1C,0x4)\Pci(0x0,0x0)\NVMe(0x1,66-AE-B8-71-BA-38-25-00)\HD(5,GPT,CFDC8FB9-5443-4681-9BAA-EF71BAC4030E,0xC88A800,0x11468A88)\VenMedia(BE74FCF7-0B7C-49F3-9147-01F4042E6842,1B42EED7FF104744AD260789A0244D49)
5:638  0:000     - searching for that partition
5:638  0:000      - found entry 4. 'Boot macOS from macOS', Volume 'macOS'
5:638  0:000  Boot redirected to Entry 4. 'Boot macOS from macOS'
5:638  0:000  DefaultIndex=4 and MainMenu.EntryCount=12
